<?xml version="1.0" encoding="UTF-8"?>
<!-- Generated by org.testng.reporters.JUnitXMLReporter -->
<testsuite hostname="Keshavs-MBP" ignored="0" name="Surefire test" tests="1" failures="1" timestamp="30 Sep 2020 18:37:59 GMT" time="16.247" errors="0">
  <testcase name="runScenario" time="15.464" classname="io.cucumber.testng.AbstractTestNGCucumberTests">
    <failure type="java.lang.AssertionError" message="expected [true] but found [false]">
      <![CDATA[java.lang.AssertionError: expected [true] but found [false]
at com.framework.stepDef.ProductList_stepDef.user_should_be_displayed_validation_message(ProductList_stepDef.java:14)
at âœ½.user should be displayed validation message "Please enter a search keyword"(file:///Users/keshavmac/IdeaProjects/com.CucumberHybrid/src/test/java/com/framework/features/Home.feature:11)
... Removed 4 stack frames]]>
    </failure>
  </testcase> <!-- runScenario -->
</testsuite> <!-- Surefire test -->
