<?xml version="1.0" encoding="UTF-8"?>
<!-- Generated by org.testng.reporters.JUnitXMLReporter -->
<testsuite ignored="0" hostname="Keshav-Dwivedi.local" failures="6" tests="88" name="HP One API Test" time="35.537" errors="0" timestamp="2023-05-08T15:15:57 IST">
  <testcase classname="GetRequests.GetAuthorizeClientID" name="@BeforeClass getClientIdRequest" time="7.604">
    <failure type="java.lang.NullPointerException">
      <![CDATA[java.lang.NullPointerException
at ReportingSetup.ReportingUtils.logInfoDetails(ReportingUtils.java:54)
at RestAssuredUtils.GetRequestUtils.printResponseLogs(GetRequestUtils.java:27)
at RestAssuredUtils.GetRequestUtils.performGetRequestWithParameters(GetRequestUtils.java:37)
at GetRequests.GetAuthorizeClientID.getClientIdRequest(GetAuthorizeClientID.java:41)
at java.base/jdk.internal.reflect.NativeMethodAccessorImpl.invoke0(Native Method)
at java.base/jdk.internal.reflect.NativeMethodAccessorImpl.invoke(NativeMethodAccessorImpl.java:62)
at java.base/jdk.internal.reflect.DelegatingMethodAccessorImpl.invoke(DelegatingMethodAccessorImpl.java:43)
at java.base/java.lang.reflect.Method.invoke(Method.java:566)
at org.testng.internal.invokers.MethodInvocationHelper.invokeMethod(MethodInvocationHelper.java:139)
at org.testng.internal.invokers.MethodInvocationHelper.invokeMethodConsideringTimeout(MethodInvocationHelper.java:69)
at org.testng.internal.invokers.ConfigInvoker.invokeConfigurationMethod(ConfigInvoker.java:361)
at org.testng.internal.invokers.ConfigInvoker.invokeConfigurations(ConfigInvoker.java:296)
at org.testng.internal.invokers.TestMethodWorker.invokeBeforeClassMethods(TestMethodWorker.java:180)
at org.testng.internal.invokers.TestMethodWorker.run(TestMethodWorker.java:122)
at java.base/java.util.ArrayList.forEach(ArrayList.java:1541)
at org.testng.TestRunner.privateRun(TestRunner.java:829)
at org.testng.TestRunner.run(TestRunner.java:602)
at org.testng.SuiteRunner.runTest(SuiteRunner.java:437)
at org.testng.SuiteRunner.runSequentially(SuiteRunner.java:431)
at org.testng.SuiteRunner.privateRun(SuiteRunner.java:391)
at org.testng.SuiteRunner.run(SuiteRunner.java:330)
at org.testng.SuiteRunnerWorker.runSuite(SuiteRunnerWorker.java:52)
at org.testng.SuiteRunnerWorker.run(SuiteRunnerWorker.java:95)
at org.testng.TestNG.runSuitesSequentially(TestNG.java:1256)
at org.testng.TestNG.runSuitesLocally(TestNG.java:1176)
at org.testng.TestNG.runSuites(TestNG.java:1099)
at org.testng.TestNG.run(TestNG.java:1067)
at org.apache.maven.surefire.testng.TestNGExecutor.run(TestNGExecutor.java:308)
at org.apache.maven.surefire.testng.TestNGXmlTestSuite.execute(TestNGXmlTestSuite.java:71)
at org.apache.maven.surefire.testng.TestNGProvider.invoke(TestNGProvider.java:113)
at org.apache.maven.surefire.booter.ForkedBooter.runSuitesInProcess(ForkedBooter.java:385)
at org.apache.maven.surefire.booter.ForkedBooter.execute(ForkedBooter.java:162)
at org.apache.maven.surefire.booter.ForkedBooter.run(ForkedBooter.java:507)
at org.apache.maven.surefire.booter.ForkedBooter.main(ForkedBooter.java:495)
]]>
    </failure>
  </testcase> <!-- @BeforeClass getClientIdRequest -->
  <testcase classname="GetRequests.GetAuthorizeClientID" name="getClientIdRequest_checkResponse" time="0.0">
    <skipped/>
  </testcase> <!-- getClientIdRequest_checkResponse -->
  <testcase classname="GetRequests.GetAuthorizeClientID" name="getClientIdRequest_checkResponseTime" time="0.0">
    <skipped/>
  </testcase> <!-- getClientIdRequest_checkResponseTime -->
  <testcase classname="GetRequests.GetAuthorizeClientID" name="getClientIdRequest_checkStatusCode" time="0.001">
    <skipped/>
  </testcase> <!-- getClientIdRequest_checkStatusCode -->
  <testcase classname="GetRequests.GetAuthorizeClientID" name="getClientIdRequest_checkResponseStatusLine" time="0.0">
    <skipped/>
  </testcase> <!-- getClientIdRequest_checkResponseStatusLine -->
  <testcase classname="GetRequests.GetAuthorizeClientID" name="getClientIdRequest_checkHeaderContents" time="0.0">
    <skipped/>
  </testcase> <!-- getClientIdRequest_checkHeaderContents -->
  <testcase classname="GetRequests.GetAuthorizeClientID" name="getClientIdRequest_checkContentType" time="0.0">
    <skipped/>
  </testcase> <!-- getClientIdRequest_checkContentType -->
  <testcase classname="GetRequests.GetAuthorizeClientID" name="getClientIdRequest_checkResponseTitleText" time="0.0">
    <skipped/>
  </testcase> <!-- getClientIdRequest_checkResponseTitleText -->
  <testcase classname="GetRequests.GetAuthorizeClientID" name="getClientIdRequest_checkMainResponseHeading" time="0.0">
    <skipped/>
  </testcase> <!-- getClientIdRequest_checkMainResponseHeading -->
  <testcase classname="GetRequests.GetCalendarEventPage" name="getCalendarEventRequest_checkResponse" time="0.33"/>
  <testcase classname="GetRequests.GetCalendarEventPage" name="getCalendarEventRequest_checkResponseTime" time="0.031"/>
  <testcase classname="GetRequests.GetCalendarEventPage" name="getCalendarEventRequest_checkStatusCode" time="0.006"/>
  <testcase classname="GetRequests.GetCalendarEventPage" name="getCalendarEventRequest_checkResponseStatusLine" time="0.004"/>
  <testcase classname="GetRequests.GetCalendarEventPage" name="getCalendarEventRequest_checkHeaderContents" time="0.004"/>
  <testcase classname="GetRequests.GetCalendarEventPage" name="getCalendarEventRequest_checkContentType" time="0.001"/>
  <testcase classname="GetRequests.GetCalendarEventPage" name="getCalendarEventRequest_checkResponseTitleText" time="0.604"/>
  <testcase classname="GetRequests.GetCalendarEventPage" name="getCalendarEventRequest_checkMainResponseHeading" time="0.001"/>
  <testcase classname="GetRequests.GetCheckSettings" name="getCheckedSettingsRequest" time="0.022"/>
  <testcase classname="GetRequests.GetCheckSettings" name="getCheckedSetting_checkResponseTime" time="0.002"/>
  <testcase classname="GetRequests.GetCheckSettings" name="getCheckedSetting_checkStatusCode" time="0.001"/>
  <testcase classname="GetRequests.GetCheckSettings" name="getCheckedSetting_checkResponseStatusLine" time="0.0"/>
  <testcase classname="GetRequests.GetCheckSettings" name="getCheckedSetting_checkHeaderContents" time="0.0"/>
  <testcase classname="GetRequests.GetCheckSettings" name="getCheckedSetting_checkContentType" time="0.001"/>
  <testcase classname="GetRequests.GetCheckSettings" name="getCheckedSetting_checkResponseTitleText" time="0.025"/>
  <testcase classname="GetRequests.GetCheckSettings" name="getCheckedSetting_checkMainResponseHeading" time="0.001"/>
  <testcase classname="GetRequests.GetCustomerNotesPage" name="getGetCustomerNotesRequest_checkResponse" time="0.011"/>
  <testcase classname="GetRequests.GetCustomerNotesPage" name="getGetCustomerNotesRequest_checkResponseTime" time="0.002"/>
  <testcase classname="GetRequests.GetCustomerNotesPage" name="getGetCustomerNotesRequest_checkStatusCode" time="0.001"/>
  <testcase classname="GetRequests.GetCustomerNotesPage" name="getGetCustomerNotesRequest_checkResponseStatusLine" time="0.002"/>
  <testcase classname="GetRequests.GetCustomerNotesPage" name="getGetCustomerNotesRequest_checkHeaderContents" time="0.0"/>
  <testcase classname="GetRequests.GetCustomerNotesPage" name="getGetCustomerNotesRequest_checkContentType" time="0.0"/>
  <testcase classname="GetRequests.GetCustomerNotesPage" name="getGetCustomerNotesRequest_checkResponseTitleText" time="0.015"/>
  <testcase classname="GetRequests.GetCustomerNotesPage" name="getGetCustomerNotesRequest_checkMainResponseHeading" time="0.001"/>
  <testcase classname="GetRequests.GetCustomerRecordPage" name="getCustomerParamsRequest" time="0.01"/>
  <testcase classname="GetRequests.GetCustomerRecordPage" name="getCustomerRequest_checkResponseTime" time="0.002"/>
  <testcase classname="GetRequests.GetCustomerRecordPage" name="getCustomerRequest_checkStatusCode" time="0.011">
    <failure type="java.lang.AssertionError" message="expected [200] but found [404]">
      <![CDATA[java.lang.AssertionError: expected [200] but found [404]
at org.testng.Assert.fail(Assert.java:110)
at org.testng.Assert.failNotEquals(Assert.java:1577)
at org.testng.Assert.assertEqualsImpl(Assert.java:149)
at org.testng.Assert.assertEquals(Assert.java:131)
at org.testng.Assert.assertEquals(Assert.java:1418)
at org.testng.Assert.assertEquals(Assert.java:1382)
at org.testng.Assert.assertEquals(Assert.java:1428)
at GetRequests.GetCustomerRecordPage.getCustomerRequest_checkStatusCode(GetCustomerRecordPage.java:57)
at java.base/jdk.internal.reflect.NativeMethodAccessorImpl.invoke0(Native Method)
at java.base/jdk.internal.reflect.NativeMethodAccessorImpl.invoke(NativeMethodAccessorImpl.java:62)
at java.base/jdk.internal.reflect.DelegatingMethodAccessorImpl.invoke(DelegatingMethodAccessorImpl.java:43)
at java.base/java.lang.reflect.Method.invoke(Method.java:566)
at org.testng.internal.invokers.MethodInvocationHelper.invokeMethod(MethodInvocationHelper.java:139)
at org.testng.internal.invokers.TestInvoker.invokeMethod(TestInvoker.java:677)
at org.testng.internal.invokers.TestInvoker.invokeTestMethod(TestInvoker.java:221)
at org.testng.internal.invokers.MethodRunner.runInSequence(MethodRunner.java:50)
at org.testng.internal.invokers.TestInvoker$MethodInvocationAgent.invoke(TestInvoker.java:969)
at org.testng.internal.invokers.TestInvoker.invokeTestMethods(TestInvoker.java:194)
at org.testng.internal.invokers.TestMethodWorker.invokeTestMethods(TestMethodWorker.java:148)
at org.testng.internal.invokers.TestMethodWorker.run(TestMethodWorker.java:128)
at java.base/java.util.ArrayList.forEach(ArrayList.java:1541)
at org.testng.TestRunner.privateRun(TestRunner.java:829)
at org.testng.TestRunner.run(TestRunner.java:602)
at org.testng.SuiteRunner.runTest(SuiteRunner.java:437)
at org.testng.SuiteRunner.runSequentially(SuiteRunner.java:431)
at org.testng.SuiteRunner.privateRun(SuiteRunner.java:391)
at org.testng.SuiteRunner.run(SuiteRunner.java:330)
at org.testng.SuiteRunnerWorker.runSuite(SuiteRunnerWorker.java:52)
at org.testng.SuiteRunnerWorker.run(SuiteRunnerWorker.java:95)
at org.testng.TestNG.runSuitesSequentially(TestNG.java:1256)
at org.testng.TestNG.runSuitesLocally(TestNG.java:1176)
at org.testng.TestNG.runSuites(TestNG.java:1099)
at org.testng.TestNG.run(TestNG.java:1067)
at org.apache.maven.surefire.testng.TestNGExecutor.run(TestNGExecutor.java:308)
at org.apache.maven.surefire.testng.TestNGXmlTestSuite.execute(TestNGXmlTestSuite.java:71)
at org.apache.maven.surefire.testng.TestNGProvider.invoke(TestNGProvider.java:113)
at org.apache.maven.surefire.booter.ForkedBooter.runSuitesInProcess(ForkedBooter.java:385)
at org.apache.maven.surefire.booter.ForkedBooter.execute(ForkedBooter.java:162)
at org.apache.maven.surefire.booter.ForkedBooter.run(ForkedBooter.java:507)
at org.apache.maven.surefire.booter.ForkedBooter.main(ForkedBooter.java:495)
]]>
    </failure>
  </testcase> <!-- getCustomerRequest_checkStatusCode -->
  <testcase classname="GetRequests.GetCustomerRecordPage" name="getCustomerRequest_checkResponseStatusLine" time="0.0">
    <failure type="java.lang.AssertionError" message="expected [HTTP/1.1 200 OK] but found [HTTP/1.1 404 Not Found]">
      <![CDATA[java.lang.AssertionError: expected [HTTP/1.1 200 OK] but found [HTTP/1.1 404 Not Found]
at org.testng.Assert.fail(Assert.java:110)
at org.testng.Assert.failNotEquals(Assert.java:1577)
at org.testng.Assert.assertEqualsImpl(Assert.java:149)
at org.testng.Assert.assertEquals(Assert.java:131)
at org.testng.Assert.assertEquals(Assert.java:655)
at org.testng.Assert.assertEquals(Assert.java:665)
at GetRequests.GetCustomerRecordPage.getCustomerRequest_checkResponseStatusLine(GetCustomerRecordPage.java:63)
at java.base/jdk.internal.reflect.NativeMethodAccessorImpl.invoke0(Native Method)
at java.base/jdk.internal.reflect.NativeMethodAccessorImpl.invoke(NativeMethodAccessorImpl.java:62)
at java.base/jdk.internal.reflect.DelegatingMethodAccessorImpl.invoke(DelegatingMethodAccessorImpl.java:43)
at java.base/java.lang.reflect.Method.invoke(Method.java:566)
at org.testng.internal.invokers.MethodInvocationHelper.invokeMethod(MethodInvocationHelper.java:139)
at org.testng.internal.invokers.TestInvoker.invokeMethod(TestInvoker.java:677)
at org.testng.internal.invokers.TestInvoker.invokeTestMethod(TestInvoker.java:221)
at org.testng.internal.invokers.MethodRunner.runInSequence(MethodRunner.java:50)
at org.testng.internal.invokers.TestInvoker$MethodInvocationAgent.invoke(TestInvoker.java:969)
at org.testng.internal.invokers.TestInvoker.invokeTestMethods(TestInvoker.java:194)
at org.testng.internal.invokers.TestMethodWorker.invokeTestMethods(TestMethodWorker.java:148)
at org.testng.internal.invokers.TestMethodWorker.run(TestMethodWorker.java:128)
at java.base/java.util.ArrayList.forEach(ArrayList.java:1541)
at org.testng.TestRunner.privateRun(TestRunner.java:829)
at org.testng.TestRunner.run(TestRunner.java:602)
at org.testng.SuiteRunner.runTest(SuiteRunner.java:437)
at org.testng.SuiteRunner.runSequentially(SuiteRunner.java:431)
at org.testng.SuiteRunner.privateRun(SuiteRunner.java:391)
at org.testng.SuiteRunner.run(SuiteRunner.java:330)
at org.testng.SuiteRunnerWorker.runSuite(SuiteRunnerWorker.java:52)
at org.testng.SuiteRunnerWorker.run(SuiteRunnerWorker.java:95)
at org.testng.TestNG.runSuitesSequentially(TestNG.java:1256)
at org.testng.TestNG.runSuitesLocally(TestNG.java:1176)
at org.testng.TestNG.runSuites(TestNG.java:1099)
at org.testng.TestNG.run(TestNG.java:1067)
at org.apache.maven.surefire.testng.TestNGExecutor.run(TestNGExecutor.java:308)
at org.apache.maven.surefire.testng.TestNGXmlTestSuite.execute(TestNGXmlTestSuite.java:71)
at org.apache.maven.surefire.testng.TestNGProvider.invoke(TestNGProvider.java:113)
at org.apache.maven.surefire.booter.ForkedBooter.runSuitesInProcess(ForkedBooter.java:385)
at org.apache.maven.surefire.booter.ForkedBooter.execute(ForkedBooter.java:162)
at org.apache.maven.surefire.booter.ForkedBooter.run(ForkedBooter.java:507)
at org.apache.maven.surefire.booter.ForkedBooter.main(ForkedBooter.java:495)
]]>
    </failure>
  </testcase> <!-- getCustomerRequest_checkResponseStatusLine -->
  <testcase classname="GetRequests.GetCustomerRecordPage" name="getCheckedSetting_checkHeaderContents" time="0.001">
    <failure type="java.lang.AssertionError" message="expected [gzip] but found [null]">
      <![CDATA[java.lang.AssertionError: expected [gzip] but found [null]
at org.testng.Assert.fail(Assert.java:110)
at org.testng.Assert.failNotEquals(Assert.java:1577)
at org.testng.Assert.assertEqualsImpl(Assert.java:149)
at org.testng.Assert.assertEquals(Assert.java:131)
at org.testng.Assert.assertEquals(Assert.java:655)
at org.testng.Assert.assertEquals(Assert.java:665)
at GetRequests.GetCustomerRecordPage.getCheckedSetting_checkHeaderContents(GetCustomerRecordPage.java:68)
at java.base/jdk.internal.reflect.NativeMethodAccessorImpl.invoke0(Native Method)
at java.base/jdk.internal.reflect.NativeMethodAccessorImpl.invoke(NativeMethodAccessorImpl.java:62)
at java.base/jdk.internal.reflect.DelegatingMethodAccessorImpl.invoke(DelegatingMethodAccessorImpl.java:43)
at java.base/java.lang.reflect.Method.invoke(Method.java:566)
at org.testng.internal.invokers.MethodInvocationHelper.invokeMethod(MethodInvocationHelper.java:139)
at org.testng.internal.invokers.TestInvoker.invokeMethod(TestInvoker.java:677)
at org.testng.internal.invokers.TestInvoker.invokeTestMethod(TestInvoker.java:221)
at org.testng.internal.invokers.MethodRunner.runInSequence(MethodRunner.java:50)
at org.testng.internal.invokers.TestInvoker$MethodInvocationAgent.invoke(TestInvoker.java:969)
at org.testng.internal.invokers.TestInvoker.invokeTestMethods(TestInvoker.java:194)
at org.testng.internal.invokers.TestMethodWorker.invokeTestMethods(TestMethodWorker.java:148)
at org.testng.internal.invokers.TestMethodWorker.run(TestMethodWorker.java:128)
at java.base/java.util.ArrayList.forEach(ArrayList.java:1541)
at org.testng.TestRunner.privateRun(TestRunner.java:829)
at org.testng.TestRunner.run(TestRunner.java:602)
at org.testng.SuiteRunner.runTest(SuiteRunner.java:437)
at org.testng.SuiteRunner.runSequentially(SuiteRunner.java:431)
at org.testng.SuiteRunner.privateRun(SuiteRunner.java:391)
at org.testng.SuiteRunner.run(SuiteRunner.java:330)
at org.testng.SuiteRunnerWorker.runSuite(SuiteRunnerWorker.java:52)
at org.testng.SuiteRunnerWorker.run(SuiteRunnerWorker.java:95)
at org.testng.TestNG.runSuitesSequentially(TestNG.java:1256)
at org.testng.TestNG.runSuitesLocally(TestNG.java:1176)
at org.testng.TestNG.runSuites(TestNG.java:1099)
at org.testng.TestNG.run(TestNG.java:1067)
at org.apache.maven.surefire.testng.TestNGExecutor.run(TestNGExecutor.java:308)
at org.apache.maven.surefire.testng.TestNGXmlTestSuite.execute(TestNGXmlTestSuite.java:71)
at org.apache.maven.surefire.testng.TestNGProvider.invoke(TestNGProvider.java:113)
at org.apache.maven.surefire.booter.ForkedBooter.runSuitesInProcess(ForkedBooter.java:385)
at org.apache.maven.surefire.booter.ForkedBooter.execute(ForkedBooter.java:162)
at org.apache.maven.surefire.booter.ForkedBooter.run(ForkedBooter.java:507)
at org.apache.maven.surefire.booter.ForkedBooter.main(ForkedBooter.java:495)
]]>
    </failure>
  </testcase> <!-- getCheckedSetting_checkHeaderContents -->
  <testcase classname="GetRequests.GetCustomerRecordPage" name="getCheckedSetting_checkContentType" time="0.0">
    <failure type="java.lang.AssertionError" message="expected [true] but found [false]">
      <![CDATA[java.lang.AssertionError: expected [true] but found [false]
at org.testng.Assert.fail(Assert.java:110)
at org.testng.Assert.failNotEquals(Assert.java:1577)
at org.testng.Assert.assertTrue(Assert.java:56)
at org.testng.Assert.assertTrue(Assert.java:66)
at GetRequests.GetCustomerRecordPage.getCheckedSetting_checkContentType(GetCustomerRecordPage.java:77)
at java.base/jdk.internal.reflect.NativeMethodAccessorImpl.invoke0(Native Method)
at java.base/jdk.internal.reflect.NativeMethodAccessorImpl.invoke(NativeMethodAccessorImpl.java:62)
at java.base/jdk.internal.reflect.DelegatingMethodAccessorImpl.invoke(DelegatingMethodAccessorImpl.java:43)
at java.base/java.lang.reflect.Method.invoke(Method.java:566)
at org.testng.internal.invokers.MethodInvocationHelper.invokeMethod(MethodInvocationHelper.java:139)
at org.testng.internal.invokers.TestInvoker.invokeMethod(TestInvoker.java:677)
at org.testng.internal.invokers.TestInvoker.invokeTestMethod(TestInvoker.java:221)
at org.testng.internal.invokers.MethodRunner.runInSequence(MethodRunner.java:50)
at org.testng.internal.invokers.TestInvoker$MethodInvocationAgent.invoke(TestInvoker.java:969)
at org.testng.internal.invokers.TestInvoker.invokeTestMethods(TestInvoker.java:194)
at org.testng.internal.invokers.TestMethodWorker.invokeTestMethods(TestMethodWorker.java:148)
at org.testng.internal.invokers.TestMethodWorker.run(TestMethodWorker.java:128)
at java.base/java.util.ArrayList.forEach(ArrayList.java:1541)
at org.testng.TestRunner.privateRun(TestRunner.java:829)
at org.testng.TestRunner.run(TestRunner.java:602)
at org.testng.SuiteRunner.runTest(SuiteRunner.java:437)
at org.testng.SuiteRunner.runSequentially(SuiteRunner.java:431)
at org.testng.SuiteRunner.privateRun(SuiteRunner.java:391)
at org.testng.SuiteRunner.run(SuiteRunner.java:330)
at org.testng.SuiteRunnerWorker.runSuite(SuiteRunnerWorker.java:52)
at org.testng.SuiteRunnerWorker.run(SuiteRunnerWorker.java:95)
at org.testng.TestNG.runSuitesSequentially(TestNG.java:1256)
at org.testng.TestNG.runSuitesLocally(TestNG.java:1176)
at org.testng.TestNG.runSuites(TestNG.java:1099)
at org.testng.TestNG.run(TestNG.java:1067)
at org.apache.maven.surefire.testng.TestNGExecutor.run(TestNGExecutor.java:308)
at org.apache.maven.surefire.testng.TestNGXmlTestSuite.execute(TestNGXmlTestSuite.java:71)
at org.apache.maven.surefire.testng.TestNGProvider.invoke(TestNGProvider.java:113)
at org.apache.maven.surefire.booter.ForkedBooter.runSuitesInProcess(ForkedBooter.java:385)
at org.apache.maven.surefire.booter.ForkedBooter.execute(ForkedBooter.java:162)
at org.apache.maven.surefire.booter.ForkedBooter.run(ForkedBooter.java:507)
at org.apache.maven.surefire.booter.ForkedBooter.main(ForkedBooter.java:495)
]]>
    </failure>
  </testcase> <!-- getCheckedSetting_checkContentType -->
  <testcase classname="GetRequests.GetCustomerRecordPage" name="getCheckedSetting_checkResponseTitleText" time="0.024">
    <failure type="java.lang.AssertionError" message="expected [Authentication Account Login] but found []">
      <![CDATA[java.lang.AssertionError: expected [Authentication Account Login] but found []
at org.testng.Assert.fail(Assert.java:110)
at org.testng.Assert.failNotEquals(Assert.java:1577)
at org.testng.Assert.assertEqualsImpl(Assert.java:149)
at org.testng.Assert.assertEquals(Assert.java:131)
at org.testng.Assert.assertEquals(Assert.java:655)
at org.testng.Assert.assertEquals(Assert.java:665)
at GetRequests.GetCustomerRecordPage.getCheckedSetting_checkResponseTitleText(GetCustomerRecordPage.java:83)
at java.base/jdk.internal.reflect.NativeMethodAccessorImpl.invoke0(Native Method)
at java.base/jdk.internal.reflect.NativeMethodAccessorImpl.invoke(NativeMethodAccessorImpl.java:62)
at java.base/jdk.internal.reflect.DelegatingMethodAccessorImpl.invoke(DelegatingMethodAccessorImpl.java:43)
at java.base/java.lang.reflect.Method.invoke(Method.java:566)
at org.testng.internal.invokers.MethodInvocationHelper.invokeMethod(MethodInvocationHelper.java:139)
at org.testng.internal.invokers.TestInvoker.invokeMethod(TestInvoker.java:677)
at org.testng.internal.invokers.TestInvoker.invokeTestMethod(TestInvoker.java:221)
at org.testng.internal.invokers.MethodRunner.runInSequence(MethodRunner.java:50)
at org.testng.internal.invokers.TestInvoker$MethodInvocationAgent.invoke(TestInvoker.java:969)
at org.testng.internal.invokers.TestInvoker.invokeTestMethods(TestInvoker.java:194)
at org.testng.internal.invokers.TestMethodWorker.invokeTestMethods(TestMethodWorker.java:148)
at org.testng.internal.invokers.TestMethodWorker.run(TestMethodWorker.java:128)
at java.base/java.util.ArrayList.forEach(ArrayList.java:1541)
at org.testng.TestRunner.privateRun(TestRunner.java:829)
at org.testng.TestRunner.run(TestRunner.java:602)
at org.testng.SuiteRunner.runTest(SuiteRunner.java:437)
at org.testng.SuiteRunner.runSequentially(SuiteRunner.java:431)
at org.testng.SuiteRunner.privateRun(SuiteRunner.java:391)
at org.testng.SuiteRunner.run(SuiteRunner.java:330)
at org.testng.SuiteRunnerWorker.runSuite(SuiteRunnerWorker.java:52)
at org.testng.SuiteRunnerWorker.run(SuiteRunnerWorker.java:95)
at org.testng.TestNG.runSuitesSequentially(TestNG.java:1256)
at org.testng.TestNG.runSuitesLocally(TestNG.java:1176)
at org.testng.TestNG.runSuites(TestNG.java:1099)
at org.testng.TestNG.run(TestNG.java:1067)
at org.apache.maven.surefire.testng.TestNGExecutor.run(TestNGExecutor.java:308)
at org.apache.maven.surefire.testng.TestNGXmlTestSuite.execute(TestNGXmlTestSuite.java:71)
at org.apache.maven.surefire.testng.TestNGProvider.invoke(TestNGProvider.java:113)
at org.apache.maven.surefire.booter.ForkedBooter.runSuitesInProcess(ForkedBooter.java:385)
at org.apache.maven.surefire.booter.ForkedBooter.execute(ForkedBooter.java:162)
at org.apache.maven.surefire.booter.ForkedBooter.run(ForkedBooter.java:507)
at org.apache.maven.surefire.booter.ForkedBooter.main(ForkedBooter.java:495)
]]>
    </failure>
  </testcase> <!-- getCheckedSetting_checkResponseTitleText -->
  <testcase classname="GetRequests.GetCustomerRecordPage" name="getCalendarEventRequest_checkMainResponseHeading" time="0.001">
    <failure type="java.lang.AssertionError" message="expected [true] but found [false]">
      <![CDATA[java.lang.AssertionError: expected [true] but found [false]
at org.testng.Assert.fail(Assert.java:110)
at org.testng.Assert.failNotEquals(Assert.java:1577)
at org.testng.Assert.assertTrue(Assert.java:56)
at org.testng.Assert.assertTrue(Assert.java:66)
at GetRequests.GetCustomerRecordPage.getCalendarEventRequest_checkMainResponseHeading(GetCustomerRecordPage.java:88)
at java.base/jdk.internal.reflect.NativeMethodAccessorImpl.invoke0(Native Method)
at java.base/jdk.internal.reflect.NativeMethodAccessorImpl.invoke(NativeMethodAccessorImpl.java:62)
at java.base/jdk.internal.reflect.DelegatingMethodAccessorImpl.invoke(DelegatingMethodAccessorImpl.java:43)
at java.base/java.lang.reflect.Method.invoke(Method.java:566)
at org.testng.internal.invokers.MethodInvocationHelper.invokeMethod(MethodInvocationHelper.java:139)
at org.testng.internal.invokers.TestInvoker.invokeMethod(TestInvoker.java:677)
at org.testng.internal.invokers.TestInvoker.invokeTestMethod(TestInvoker.java:221)
at org.testng.internal.invokers.MethodRunner.runInSequence(MethodRunner.java:50)
at org.testng.internal.invokers.TestInvoker$MethodInvocationAgent.invoke(TestInvoker.java:969)
at org.testng.internal.invokers.TestInvoker.invokeTestMethods(TestInvoker.java:194)
at org.testng.internal.invokers.TestMethodWorker.invokeTestMethods(TestMethodWorker.java:148)
at org.testng.internal.invokers.TestMethodWorker.run(TestMethodWorker.java:128)
at java.base/java.util.ArrayList.forEach(ArrayList.java:1541)
at org.testng.TestRunner.privateRun(TestRunner.java:829)
at org.testng.TestRunner.run(TestRunner.java:602)
at org.testng.SuiteRunner.runTest(SuiteRunner.java:437)
at org.testng.SuiteRunner.runSequentially(SuiteRunner.java:431)
at org.testng.SuiteRunner.privateRun(SuiteRunner.java:391)
at org.testng.SuiteRunner.run(SuiteRunner.java:330)
at org.testng.SuiteRunnerWorker.runSuite(SuiteRunnerWorker.java:52)
at org.testng.SuiteRunnerWorker.run(SuiteRunnerWorker.java:95)
at org.testng.TestNG.runSuitesSequentially(TestNG.java:1256)
at org.testng.TestNG.runSuitesLocally(TestNG.java:1176)
at org.testng.TestNG.runSuites(TestNG.java:1099)
at org.testng.TestNG.run(TestNG.java:1067)
at org.apache.maven.surefire.testng.TestNGExecutor.run(TestNGExecutor.java:308)
at org.apache.maven.surefire.testng.TestNGXmlTestSuite.execute(TestNGXmlTestSuite.java:71)
at org.apache.maven.surefire.testng.TestNGProvider.invoke(TestNGProvider.java:113)
at org.apache.maven.surefire.booter.ForkedBooter.runSuitesInProcess(ForkedBooter.java:385)
at org.apache.maven.surefire.booter.ForkedBooter.execute(ForkedBooter.java:162)
at org.apache.maven.surefire.booter.ForkedBooter.run(ForkedBooter.java:507)
at org.apache.maven.surefire.booter.ForkedBooter.main(ForkedBooter.java:495)
]]>
    </failure>
  </testcase> <!-- getCalendarEventRequest_checkMainResponseHeading -->
  <testcase classname="GetRequests.GetDistributorStatusPage" name="getDistributorPageRequest_checkResponse" time="0.007"/>
  <testcase classname="GetRequests.GetDistributorStatusPage" name="getDistributorPageRequest_checkResponseTime" time="0.001"/>
  <testcase classname="GetRequests.GetDistributorStatusPage" name="getDistributorPageRequest_checkStatusCode" time="0.002"/>
  <testcase classname="GetRequests.GetDistributorStatusPage" name="getDistributorPageRequest_checkResponseStatusLine" time="0.001"/>
  <testcase classname="GetRequests.GetDistributorStatusPage" name="getDistributorPageRequest_checkHeaderContents" time="0.0"/>
  <testcase classname="GetRequests.GetDistributorStatusPage" name="getDistributorPageRequest_checkContentType" time="0.001"/>
  <testcase classname="GetRequests.GetDistributorStatusPage" name="getDistributorPageRequest_checkResponseTitleText" time="0.013"/>
  <testcase classname="GetRequests.GetDistributorStatusPage" name="getDistributorPageRequest_checkMainResponseHeading" time="0.001"/>
  <testcase classname="GetRequests.GetLogoutPage" name="getDistributorPageRequest_checkResponse" time="0.007"/>
  <testcase classname="GetRequests.GetLogoutPage" name="getDistributorPageRequest_checkResponseTime" time="0.001"/>
  <testcase classname="GetRequests.GetLogoutPage" name="getDistributorPageRequest_checkStatusCode" time="0.001"/>
  <testcase classname="GetRequests.GetLogoutPage" name="getDistributorPageRequest_checkResponseStatusLine" time="0.001"/>
  <testcase classname="GetRequests.GetLogoutPage" name="getDistributorPageRequest_checkHeaderContents" time="0.0"/>
  <testcase classname="GetRequests.GetLogoutPage" name="getDistributorPageRequest_checkContentType" time="0.0"/>
  <testcase classname="GetRequests.GetLogoutPage" name="getDistributorPageRequest_checkResponseTitleText" time="0.014"/>
  <testcase classname="GetRequests.GetLogoutPage" name="getDistributorPageRequest_checkMainResponseHeading" time="0.001"/>
  <testcase classname="GetRequests.GetMySalesPolicyDataPage" name="getCustomerParamsRequest" time="0.011"/>
  <testcase classname="GetRequests.GetMySalesPolicyDataPage" name="getCustomerRequest_checkResponseTime" time="0.001"/>
  <testcase classname="GetRequests.GetMySalesPolicyDataPage" name="getCustomerRequest_checkStatusCode" time="0.001"/>
  <testcase classname="GetRequests.GetMySalesPolicyDataPage" name="getCustomerRequest_checkResponseStatusLine" time="0.0"/>
  <testcase classname="GetRequests.GetMySalesPolicyDataPage" name="getCheckedSetting_checkHeaderContents" time="0.001"/>
  <testcase classname="GetRequests.GetMySalesPolicyDataPage" name="getCheckedSetting_checkContentType" time="0.001"/>
  <testcase classname="GetRequests.GetMySalesPolicyDataPage" name="getCheckedSetting_checkResponseTitleText" time="0.021"/>
  <testcase classname="GetRequests.GetMySalesPolicyDataPage" name="getCalendarEventRequest_checkMainResponseHeading" time="0.001"/>
  <testcase classname="GetRequests.GetPortalPage" name="getCustomerParamsRequest" time="0.013"/>
  <testcase classname="GetRequests.GetPortalPage" name="getCustomerRequest_checkResponseTime" time="0.002"/>
  <testcase classname="GetRequests.GetPortalPage" name="getCustomerRequest_checkStatusCode" time="0.001"/>
  <testcase classname="GetRequests.GetPortalPage" name="getCustomerRequest_checkResponseStatusLine" time="0.001"/>
  <testcase classname="GetRequests.GetPortalPage" name="getCheckedSetting_checkHeaderContents" time="0.001"/>
  <testcase classname="GetRequests.GetPortalPage" name="getCheckedSetting_checkContentType" time="0.0"/>
  <testcase classname="GetRequests.GetPortalPage" name="getCheckedSetting_checkResponseTitleText" time="0.023"/>
  <testcase classname="GetRequests.GetPortalPage" name="getCalendarEventRequest_checkMainResponseHeading" time="0.001"/>
  <testcase classname="GetRequests.GetStartupPage" name="getClientIdRequest_checkResponse" time="0.005"/>
  <testcase classname="GetRequests.GetStartupPage" name="getClientIdRequest_checkResponseTime" time="0.002"/>
  <testcase classname="GetRequests.GetStartupPage" name="getClientIdRequest_checkStatusCode" time="0.001"/>
  <testcase classname="GetRequests.GetStartupPage" name="getClientIdRequest_checkResponseStatusLine" time="0.001"/>
  <testcase classname="GetRequests.GetStartupPage" name="getClientIdRequest_checkHeaderContents" time="0.0"/>
  <testcase classname="GetRequests.GetStartupPage" name="getClientIdRequest_checkContentType" time="0.0"/>
  <testcase classname="GetRequests.GetStartupPage" name="getClientIdRequest_checkResponseTitleText" time="0.013"/>
  <testcase classname="GetRequests.GetStartupPage" name="getClientIdRequest_checkMainResponseHeading" time="0.001"/>
  <testcase classname="GetRequests.getCalendarEventsNotesPage" name="getCalendarEventNotesRequest_checkResponse" time="0.005"/>
  <testcase classname="GetRequests.getCalendarEventsNotesPage" name="getCalendarEventNotesRequest_checkResponseTime" time="0.002"/>
  <testcase classname="GetRequests.getCalendarEventsNotesPage" name="getCalendarEventNotesRequest_checkStatusCode" time="0.001"/>
  <testcase classname="GetRequests.getCalendarEventsNotesPage" name="getCalendarEventNotesRequest_checkResponseStatusLine" time="0.0"/>
  <testcase classname="GetRequests.getCalendarEventsNotesPage" name="getCalendarEventNotesRequest_checkHeaderContents" time="0.001"/>
  <testcase classname="GetRequests.getCalendarEventsNotesPage" name="getCalendarEventNotesRequest_checkContentType" time="0.001"/>
  <testcase classname="GetRequests.getCalendarEventsNotesPage" name="getCalendarEventNotesRequest_checkResponseTitleText" time="0.014"/>
  <testcase classname="GetRequests.getCalendarEventsNotesPage" name="getCalendarEventNotesRequest_checkMainResponseHeading" time="0.001"/>
</testsuite> <!-- HP One API Test -->
